Arguments: 
  /Users/k-abtion-lan/.nvm/versions/node/v14.16.1/bin/node /usr/local/bin/yarn

PATH: 
  /Users/k-abtion-lan/.deno/bin:/Users/k-abtion-lan/.nvm/versions/node/v14.16.1/bin:/usr/local/share/dotnet/dotnet:/usr/local/sbin:/usr/local/bin:/usr/bin:/bin:/usr/sbin:/sbin:/usr/local/MacGPG2/bin:/Library/Apple/usr/bin:/Users/k-abtion-lan/.deno/bin:/Users/k-abtion-lan/.nvm/versions/node/v14.16.1/bin:/usr/local/share/dotnet/dotnet:/usr/local/sbin:/usr/local/opt/fzf/bin:/Users/k-abtion-lan/.rvm/bin:/Users/k-abtion-lan/.rvm/bin

Yarn version: 
  1.22.10

Node version: 
  14.16.1

Platform: 
  darwin x64

Trace: 
  SyntaxError: /Users/k-abtion-lan/Desktop/tsRxJs/package.json: Unexpected token } in JSON at position 201
      at JSON.parse (<anonymous>)
      at /usr/local/lib/node_modules/yarn/lib/cli.js:1625:59
      at Generator.next (<anonymous>)
      at step (/usr/local/lib/node_modules/yarn/lib/cli.js:310:30)
      at /usr/local/lib/node_modules/yarn/lib/cli.js:321:13

npm manifest: 
  {
    "name": "tsRxJs",
    "version": "1.0.0",
    "main": "index.js",
    "license": "MIT",
    "dependencies": {
      "rxjs": "^7"
    },
    "devDependencies": {
      "@types/chromecast-caf-receiver": "^6.0.6",
    }
  }

yarn manifest: 
  No manifest

Lockfile: 
  No lockfile
